[debug] [2022-11-02T14:35:50.212Z] ----------------------------------------------------------------------
[debug] [2022-11-02T14:35:50.214Z] Command:       C:\Program Files\nodejs\node.exe C:\Users\sudip\AppData\Roaming\npm\node_modules\firebase-tools\lib\bin\firebase.js init
[debug] [2022-11-02T14:35:50.214Z] CLI Version:   11.16.0
[debug] [2022-11-02T14:35:50.214Z] Platform:      win32
[debug] [2022-11-02T14:35:50.214Z] Node Version:  v16.13.2
[debug] [2022-11-02T14:35:50.215Z] Time:          Wed Nov 02 2022 20:05:50 GMT+0530 (India Standard Time)
[debug] [2022-11-02T14:35:50.215Z] ----------------------------------------------------------------------
[debug] 
[debug] [2022-11-02T14:35:50.222Z] > command requires scopes: ["email","openid","https://www.googleapis.com/auth/cloudplatformprojects.readonly","https://www.googleapis.com/auth/firebase","https://www.googleapis.com/auth/cloud-platform"]
[debug] [2022-11-02T14:35:50.222Z] > authorizing via signed-in user (sudip777sharma@gmail.com)
[info] 
     ######## #### ########  ######## ########     ###     ######  ########
     ##        ##  ##     ## ##       ##     ##  ##   ##  ##       ##
     ######    ##  ########  ######   ########  #########  ######  ######
     ##        ##  ##    ##  ##       ##     ## ##     ##       ## ##
     ##       #### ##     ## ######## ########  ##     ##  ######  ########

You're about to initialize a Firebase project in this directory:

  E:\code_base\music_player

[info] 
=== Project Setup
[info] 
[info] First, let's associate this project directory with a Firebase project.
[info] You can create multiple project aliases by running firebase use --add, 
[info] but for now we'll just set up a default project.
[info] 
[debug] [2022-11-02T14:37:01.837Z] >>> [apiv2][query] GET https://firebase.googleapis.com/v1beta1/projects pageSize=100
[debug] [2022-11-02T14:37:02.863Z] <<< [apiv2][status] GET https://firebase.googleapis.com/v1beta1/projects 200
[debug] [2022-11-02T14:37:02.863Z] <<< [apiv2][body] GET https://firebase.googleapis.com/v1beta1/projects [omitted]
[info] i  Using project tunex-78bd5 (TuneX) 
[info] 
=== Hosting Setup
[info] 
[info] Your public directory is the folder (relative to your project directory) that
[info] will contain Hosting assets to be uploaded with firebase deploy. If you
[info] have a build process for your assets, use your build's output directory.
[info] 
[info] +  Wrote public/404.html 
[debug] [2022-11-02T14:38:27.148Z] >>> [apiv2][query] GET https://www.gstatic.com/firebasejs/releases.json [none]
[debug] [2022-11-02T14:38:27.461Z] <<< [apiv2][status] GET https://www.gstatic.com/firebasejs/releases.json 200
[debug] [2022-11-02T14:38:27.461Z] <<< [apiv2][body] GET https://www.gstatic.com/firebasejs/releases.json {"current":{"version":"9.13.0","browserURL":"https://www.gstatic.com/firebasejs/9.13.0/firebase.js","packageURL":"https://www.gstatic.com/firebasejs/9.13.0/firebase.tgz"},"live":{"version":"9.13","browserURL":"https://www.gstatic.com/firebasejs/live/9.13/firebase.js","packageURL":"https://www.gstatic.com/firebasejs/live/9.13/firebase.tgz"},"components":{"analytics":"https://www.gstatic.com/firebasejs/9.13.0/firebase-analytics.js","app":"https://www.gstatic.com/firebasejs/9.13.0/firebase-app.js","app-check":"https://www.gstatic.com/firebasejs/9.13.0/firebase-app-check.js","auth":"https://www.gstatic.com/firebasejs/9.13.0/firebase-auth.js","auth/cordova":"https://www.gstatic.com/firebasejs/9.13.0/firebase-auth/cordova.js","auth/react-native":"https://www.gstatic.com/firebasejs/9.13.0/firebase-auth/react-native.js","functions":"https://www.gstatic.com/firebasejs/9.13.0/firebase-functions.js","firestore":"https://www.gstatic.com/firebasejs/9.13.0/firebase-firestore.js","firestore/lite":"https://www.gstatic.com/firebasejs/9.13.0/firebase-firestore/lite.js","installations":"https://www.gstatic.com/firebasejs/9.13.0/firebase-installations.js","storage":"https://www.gstatic.com/firebasejs/9.13.0/firebase-storage.js","performance":"https://www.gstatic.com/firebasejs/9.13.0/firebase-performance.js","remote-config":"https://www.gstatic.com/firebasejs/9.13.0/firebase-remote-config.js","messaging":"https://www.gstatic.com/firebasejs/9.13.0/firebase-messaging.js","messaging/sw":"https://www.gstatic.com/firebasejs/9.13.0/firebase-messaging/sw.js","database":"https://www.gstatic.com/firebasejs/9.13.0/firebase-database.js","firestore.memory":"https://www.gstatic.com/firebasejs/9.13.0/firebase-firestore.memory.js"}}
[info] i  Skipping write of public/index.html 
[info] 
[info] i  Detected a .git folder at E:\code_base\music_player 
[info] i  Authorizing with GitHub to upload your service account to a GitHub repository's secrets store. 
[info] 
[info] Visit this URL on this device to log in:
[info] https://github.com/login/oauth/authorize?client_id=89cf50f02ac6aaed3484&state=192141172&redirect_uri=http%3A%2F%2Flocalhost%3A9005&scope=read%3Auser%20repo%20public_repo
[info] 
[info] Waiting for authentication...
[debug] [2022-11-02T14:38:47.585Z] >>> [apiv2][query] POST https://github.com/login/oauth/access_token [none]
[debug] [2022-11-02T14:38:47.585Z] >>> [apiv2][body] POST https://github.com/login/oauth/access_token [stream]
[debug] [2022-11-02T14:38:48.273Z] <<< [apiv2][status] POST https://github.com/login/oauth/access_token 200
[debug] [2022-11-02T14:38:48.274Z] <<< [apiv2][body] POST https://github.com/login/oauth/access_token {"access_token":"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","token_type":"bearer","scope":"read:user,repo"}
[debug] [2022-11-02T14:38:48.291Z] >>> [apiv2][query] GET https://api.github.com/user [none]
[debug] [2022-11-02T14:38:49.038Z] <<< [apiv2][status] GET https://api.github.com/user 200
[debug] [2022-11-02T14:38:49.038Z] <<< [apiv2][body] GET https://api.github.com/user {"login":"sudip777sharma","id":60563255,"node_id":"MDQ6VXNlcjYwNTYzMjU1","avatar_url":"https://avatars.githubusercontent.com/u/60563255?v=4","gravatar_id":"","url":"https://api.github.com/users/sudip777sharma","html_url":"https://github.com/sudip777sharma","followers_url":"https://api.github.com/users/sudip777sharma/followers","following_url":"https://api.github.com/users/sudip777sharma/following{/other_user}","gists_url":"https://api.github.com/users/sudip777sharma/gists{/gist_id}","starred_url":"https://api.github.com/users/sudip777sharma/starred{/owner}{/repo}","subscriptions_url":"https://api.github.com/users/sudip777sharma/subscriptions","organizations_url":"https://api.github.com/users/sudip777sharma/orgs","repos_url":"https://api.github.com/users/sudip777sharma/repos","events_url":"https://api.github.com/users/sudip777sharma/events{/privacy}","received_events_url":"https://api.github.com/users/sudip777sharma/received_events","type":"User","site_admin":false,"name":null,"company":null,"blog":"","location":null,"email":null,"hireable":null,"bio":null,"twitter_username":null,"public_repos":25,"public_gists":0,"followers":5,"following":4,"created_at":"2020-02-02T05:26:16Z","updated_at":"2022-10-27T16:16:56Z","private_gists":0,"total_private_repos":25,"owned_private_repos":25,"disk_usage":135600,"collaborators":0,"two_factor_authentication":false,"plan":{"name":"free","space":976562499,"collaborators":0,"private_repos":10000}}
[info] 
[info] +  Success! Logged into GitHub as sudip777sharma 
[info] 
